<?xml version="1.0" encoding="UTF-8"?>
<!-- Generated by org.testng.reporters.JUnitXMLReporter -->
<testsuite ignored="0" hostname="DLI10-IT-MADHAV" failures="1" tests="2" name="test on chrome" time="45.337" errors="0" timestamp="2023-01-24T16:43:21 IST">
  <testcase classname="com.safexp.MDM.automation.testcases.AllModules.MainTest_UAT" name="appLaunch" time="12.727"/>
  <testcase classname="com.safexp.MDM.automation.pagelibraryNew.SafexpressHomePage" name="clickOnIcons" time="32.307">
    <failure type="org.openqa.selenium.TimeoutException" message="Expected condition failed: waiting for com.safexp.MDM.automation.Utility.UtilityClass$1@3e3861d7 (tried for 20 second(s) with 2000 milliseconds interval)">
      <![CDATA[org.openqa.selenium.TimeoutException: Expected condition failed: waiting for com.safexp.MDM.automation.Utility.UtilityClass$1@3e3861d7 (tried for 20 second(s) with 2000 milliseconds interval)
at org.openqa.selenium.support.ui.FluentWait.timeoutException(FluentWait.java:266)
at org.openqa.selenium.support.ui.FluentWait.until(FluentWait.java:234)
at com.safexp.MDM.automation.Utility.UtilityClass.getWebElement(UtilityClass.java:470)
at com.safexp.MDM.automation.Utility.UtilityClass.fn_Click(UtilityClass.java:387)
at com.safexp.MDM.automation.pagelibraryNew.SafexpressHomePage.clickOnIcons(SafexpressHomePage.java:42)
at java.base/java.util.ArrayList.forEach(ArrayList.java:1511)
Caused by: org.openqa.selenium.NoSuchElementException: no such element: Unable to locate element: {"method":"xpath","selector":"//section[contains(@style,'display')]//descendant::p[contains(text(),'Track')]"}
  (Session info: MicrosoftEdge=109.0.1518.61)
For documentation on this error, please visit: https://www.seleniumhq.org/exceptions/no_such_element.html
Build info: version: '4.0.0-alpha-2', revision: 'f148142cf8', time: '2019-07-01T20:55:26'
System info: host: 'DLI10-IT-MADHAV', ip: '10.240.65.88', os.name: 'Windows 10', os.arch: 'amd64', os.version: '10.0', java.version: '19.0.1'
Driver info: org.openqa.selenium.edge.EdgeDriver
Capabilities {acceptInsecureCerts: false, browserName: msedge, browserVersion: 109.0.1518.61, javascriptEnabled: true, ms:edgeOptions: {debuggerAddress: localhost:53538}, msedge: {msedgedriverVersion: 109.0.1518.61 (354b36f96bab..., userDataDir: C:\Users\80339\AppData\Loca...}, networkConnectionEnabled: false, pageLoadStrategy: normal, platform: WINDOWS, platformName: WINDOWS, proxy: Proxy(), setWindowRect: true, strictFileInteractability: false, timeouts: {implicit: 0, pageLoad: 300000, script: 30000}, unhandledPromptBehavior: dismiss and notify, webauthn:extension:credBlob: true, webauthn:extension:largeBlob: true, webauthn:virtualAuthenticators: true}
Session ID: e88a77cc7969dbaebba3415dc5c10934
*** Element info: {Using=xpath, value=//section[contains(@style,'display')]//descendant::p[contains(text(),'Track')]}
at org.openqa.selenium.remote.codec.w3c.W3CHttpResponseCodec.createException(W3CHttpResponseCodec.java:191)
at org.openqa.selenium.remote.codec.w3c.W3CHttpResponseCodec.decode(W3CHttpResponseCodec.java:125)
at org.openqa.selenium.remote.codec.w3c.W3CHttpResponseCodec.decode(W3CHttpResponseCodec.java:52)
at org.openqa.selenium.remote.HttpCommandExecutor.execute(HttpCommandExecutor.java:161)
at org.openqa.selenium.remote.service.DriverCommandExecutor.execute(DriverCommandExecutor.java:83)
at org.openqa.selenium.remote.RemoteWebDriver.execute(RemoteWebDriver.java:576)
at org.openqa.selenium.remote.RemoteWebDriver.findElement(RemoteWebDriver.java:327)
at org.openqa.selenium.remote.RemoteWebDriver.findElementByXPath(RemoteWebDriver.java:445)
at org.openqa.selenium.By$ByXPath.findElement(By.java:353)
at org.openqa.selenium.remote.RemoteWebDriver.findElement(RemoteWebDriver.java:319)
at com.safexp.MDM.automation.Utility.UtilityClass$1.apply(UtilityClass.java:473)
at com.safexp.MDM.automation.Utility.UtilityClass$1.apply(UtilityClass.java:1)
at org.openqa.selenium.support.ui.FluentWait.until(FluentWait.java:211)
... 29 more
... Removed 28 stack frames]]>
    </failure>
  </testcase> <!-- clickOnIcons -->
</testsuite> <!-- test on chrome -->
