<?xml version="1.0" encoding="UTF-8"?>
<!-- Generated by org.testng.reporters.JUnitXMLReporter -->
<testsuite ignored="0" hostname="DLI10-IT-MADHAV" failures="0" tests="3" name="Default test(failed)" time="101.445" errors="0" timestamp="2023-02-17T10:40:36 IST">
  <testcase classname="com.safexp.MDM.automation.pagelibraryNew.SafexpressEPaymentPage" name="@BeforeMethod ePayment" time="90.985">
    <failure type="org.openqa.selenium.TimeoutException" message="Expected condition failed: waiting for visibility of element located by By.xpath: //section[contains(@style,&amp;apos;display&amp;apos;)]//descendant::p /span[contains(text(),&amp;apos;E-payment&amp;apos;)] (tried for 30 second(s) with 500 milliseconds interval)
Build info: version: &amp;apos;4.0.0-alpha-2&amp;apos;, revision: &amp;apos;f148142cf8&amp;apos;, time: &amp;apos;2019-07-01T20:55:26&amp;apos;
System info: host: &amp;apos;DLI10-IT-MADHAV&amp;apos;, ip: &amp;apos;10.240.65.88&amp;apos;, os.name: &amp;apos;Windows 10&amp;apos;, os.arch: &amp;apos;amd64&amp;apos;, os.version: &amp;apos;10.0&amp;apos;, java.version: &amp;apos;17&amp;apos;
Driver info: org.openqa.selenium.chrome.ChromeDriver
Capabilities {acceptInsecureCerts: false, browserName: chrome, browserVersion: 110.0.5481.104, chrome: {chromedriverVersion: 109.0.5414.74 (e7c5703604da..., userDataDir: C:\Users\80339\AppData\Loca...}, goog:chromeOptions: {debuggerAddress: localhost:60634}, javascriptEnabled: true, networkConnectionEnabled: false, pageLoadStrategy: normal, platform: WINDOWS, platformName: WINDOWS, proxy: Proxy(), setWindowRect: true, strictFileInteractability: false, timeouts: {implicit: 0, pageLoad: 300000, script: 30000}, unhandledPromptBehavior: dismiss and notify, webauthn:extension:credBlob: true, webauthn:extension:largeBlob: true, webauthn:virtualAuthenticators: true}
Session ID: ba4c3eae7ff28174b8ef26c6ff4fb178">
      <![CDATA[org.openqa.selenium.TimeoutException: Expected condition failed: waiting for visibility of element located by By.xpath: //section[contains(@style,'display')]//descendant::p /span[contains(text(),'E-payment')] (tried for 30 second(s) with 500 milliseconds interval)
Build info: version: '4.0.0-alpha-2', revision: 'f148142cf8', time: '2019-07-01T20:55:26'
System info: host: 'DLI10-IT-MADHAV', ip: '10.240.65.88', os.name: 'Windows 10', os.arch: 'amd64', os.version: '10.0', java.version: '17'
Driver info: org.openqa.selenium.chrome.ChromeDriver
Capabilities {acceptInsecureCerts: false, browserName: chrome, browserVersion: 110.0.5481.104, chrome: {chromedriverVersion: 109.0.5414.74 (e7c5703604da..., userDataDir: C:\Users\80339\AppData\Loca...}, goog:chromeOptions: {debuggerAddress: localhost:60634}, javascriptEnabled: true, networkConnectionEnabled: false, pageLoadStrategy: normal, platform: WINDOWS, platformName: WINDOWS, proxy: Proxy(), setWindowRect: true, strictFileInteractability: false, timeouts: {implicit: 0, pageLoad: 300000, script: 30000}, unhandledPromptBehavior: dismiss and notify, webauthn:extension:credBlob: true, webauthn:extension:largeBlob: true, webauthn:virtualAuthenticators: true}
Session ID: ba4c3eae7ff28174b8ef26c6ff4fb178
at org.openqa.selenium.support.ui.WebDriverWait.timeoutException(WebDriverWait.java:138)
at org.openqa.selenium.support.ui.FluentWait.until(FluentWait.java:234)
at com.safexp.MDM.automation.Utility.UtilityClass.waitForElement(UtilityClass.java:943)
at com.safexp.MDM.automation.pagelibraryNew.SafexpressEPaymentPage.ePayment(SafexpressEPaymentPage.java:22)
at java.base/java.util.ArrayList.forEach(ArrayList.java:1511)
... Removed 31 stack frames]]>
    </failure>
  </testcase> <!-- @BeforeMethod ePayment -->
  <testcase classname="com.safexp.MDM.automation.pagelibraryNew.SafexpressEPaymentPage" name="@BeforeMethod ePayment" time="-1.676610636369E9">
    <skipped/>
  </testcase> <!-- @BeforeMethod ePayment -->
  <testcase classname="com.safexp.MDM.automation.pagelibraryNew.SafexpressEPaymentPage" name="@BeforeMethod ePayment" time="-1.676610636374E9">
    <skipped/>
  </testcase> <!-- @BeforeMethod ePayment -->
  <testcase classname="com.safexp.MDM.automation.testcases.AllModules.MainTest_UAT" name="@AfterTest closeOpenWindow" time="-1.676610636382E9">
    <skipped/>
  </testcase> <!-- @AfterTest closeOpenWindow -->
  <testcase classname="com.safexp.MDM.automation.pagelibraryNew.SafexpressEPaymentPage" name="epaymentNAOpt" time="0.0">
    <skipped/>
  </testcase> <!-- epaymentNAOpt -->
  <testcase classname="com.safexp.MDM.automation.pagelibraryNew.SafexpressEPaymentPage" name="epaymentAutoOpt" time="0.0">
    <skipped/>
  </testcase> <!-- epaymentAutoOpt -->
  <testcase classname="com.safexp.MDM.automation.pagelibraryNew.SafexpressEPaymentPage" name="epaymentManualOpt" time="0.0">
    <skipped/>
  </testcase> <!-- epaymentManualOpt -->
</testsuite> <!-- Default test(failed) -->
